<?xml version="1.0" encoding="UTF-8"?>
<testsuite name="kz.bitlab.Trello.TrelloApplicationTests" tests="1" skipped="0" failures="0" errors="0" timestamp="2023-06-16T13:49:16" hostname="WIN-DE9NBRSP5BO" time="0.462">
  <properties/>
  <testcase name="contextLoads()" classname="kz.bitlab.Trello.TrelloApplicationTests" time="0.462"/>
  <system-out><![CDATA[19:49:12.879 [Test worker] INFO org.springframework.test.context.support.AnnotationConfigContextLoaderUtils -- Could not detect default configuration classes for test class [kz.bitlab.Trello.TrelloApplicationTests]: TrelloApplicationTests does not declare any static, non-private, non-final, nested classes annotated with @Configuration.
19:49:12.957 [Test worker] INFO org.springframework.boot.test.context.SpringBootTestContextBootstrapper -- Found @SpringBootConfiguration kz.bitlab.Trello.TrelloApplication for test class kz.bitlab.Trello.TrelloApplicationTests

  .   ____          _            __ _ _
 /\\ / ___'_ __ _ _(_)_ __  __ _ \ \ \ \
( ( )\___ | '_ | '_| | '_ \/ _` | \ \ \ \
 \\/  ___)| |_)| | | | | || (_| |  ) ) ) )
  '  |____| .__|_| |_|_| |_\__, | / / / /
 =========|_|==============|___/=/_/_/_/
 :: Spring Boot ::                (v3.1.0)

2023-06-16T19:49:13.299+06:00  INFO 5112 --- [    Test worker] k.bitlab.Trello.TrelloApplicationTests   : Starting TrelloApplicationTests using Java 19.0.1 with PID 5112 (started by user in C:\Users\user\IdeaProjects\OfflineGradle\FinalProject_Trello\Trello)
2023-06-16T19:49:13.301+06:00  INFO 5112 --- [    Test worker] k.bitlab.Trello.TrelloApplicationTests   : No active profile set, falling back to 1 default profile: "default"
2023-06-16T19:49:13.959+06:00  INFO 5112 --- [    Test worker] .s.d.r.c.RepositoryConfigurationDelegate : Bootstrapping Spring Data JPA repositories in DEFAULT mode.
2023-06-16T19:49:14.016+06:00  INFO 5112 --- [    Test worker] .s.d.r.c.RepositoryConfigurationDelegate : Finished Spring Data repository scanning in 50 ms. Found 4 JPA repository interfaces.
2023-06-16T19:49:14.379+06:00  INFO 5112 --- [    Test worker] o.hibernate.jpa.internal.util.LogHelper  : HHH000204: Processing PersistenceUnitInfo [name: default]
2023-06-16T19:49:14.431+06:00  INFO 5112 --- [    Test worker] org.hibernate.Version                    : HHH000412: Hibernate ORM core version 6.2.2.Final
2023-06-16T19:49:14.433+06:00  INFO 5112 --- [    Test worker] org.hibernate.cfg.Environment            : HHH000406: Using bytecode reflection optimizer
2023-06-16T19:49:14.559+06:00  INFO 5112 --- [    Test worker] o.h.b.i.BytecodeProviderInitiator        : HHH000021: Bytecode provider name : bytebuddy
2023-06-16T19:49:14.707+06:00  INFO 5112 --- [    Test worker] o.s.o.j.p.SpringPersistenceUnitInfo      : No LoadTimeWeaver setup: ignoring JPA class transformer
2023-06-16T19:49:14.723+06:00  INFO 5112 --- [    Test worker] com.zaxxer.hikari.HikariDataSource       : HikariPool-1 - Starting...
2023-06-16T19:49:14.869+06:00  INFO 5112 --- [    Test worker] com.zaxxer.hikari.pool.HikariPool        : HikariPool-1 - Added connection com.mysql.cj.jdbc.ConnectionImpl@6141647f
2023-06-16T19:49:14.871+06:00  INFO 5112 --- [    Test worker] com.zaxxer.hikari.HikariDataSource       : HikariPool-1 - Start completed.
2023-06-16T19:49:14.916+06:00  WARN 5112 --- [    Test worker] org.hibernate.dialect.Dialect            : HHH000511: The 5.5.0 version for [org.hibernate.dialect.MySQLDialect] is no longer supported, hence certain features may not work properly. The minimum supported version is 5.7.0. Check the community dialects project for available legacy versions.
2023-06-16T19:49:14.921+06:00  INFO 5112 --- [    Test worker] org.hibernate.orm.dialect                : HHH035001: Using dialect: org.hibernate.dialect.MySQLDialect, version: 5.5
2023-06-16T19:49:15.122+06:00  INFO 5112 --- [    Test worker] o.h.b.i.BytecodeProviderInitiator        : HHH000021: Bytecode provider name : bytebuddy
2023-06-16T19:49:15.649+06:00  INFO 5112 --- [    Test worker] o.h.e.t.j.p.i.JtaPlatformInitiator       : HHH000490: Using JtaPlatform implementation: [org.hibernate.engine.transaction.jta.platform.internal.NoJtaPlatform]
2023-06-16T19:49:15.728+06:00  INFO 5112 --- [    Test worker] j.LocalContainerEntityManagerFactoryBean : Initialized JPA EntityManagerFactory for persistence unit 'default'
2023-06-16T19:49:15.937+06:00  INFO 5112 --- [    Test worker] o.s.d.j.r.query.QueryEnhancerFactory     : Hibernate is in classpath; If applicable, HQL parser will be used.
2023-06-16T19:49:16.172+06:00  WARN 5112 --- [    Test worker] JpaBaseConfiguration$JpaWebConfiguration : spring.jpa.open-in-view is enabled by default. Therefore, database queries may be performed during view rendering. Explicitly configure spring.jpa.open-in-view to disable this warning
2023-06-16T19:49:16.533+06:00  INFO 5112 --- [    Test worker] k.bitlab.Trello.TrelloApplicationTests   : Started TrelloApplicationTests in 3.438 seconds (process running for 4.444)
]]></system-out>
  <system-err><![CDATA[]]></system-err>
</testsuite>
